[2026-07-21T15:52:11.156+0000] {local_task_job_runner.py:123} INFO - ::group::Pre task execution logs
[2026-07-21T15:52:11.167+0000] {taskinstance.py:2613} INFO - Dependencies all met for dep_context=non-requeueable deps ti=<TaskInstance: hk_daily_etl.ingest.weather manual__2026-07-21T15:52:04+00:00 [queued]>
[2026-07-21T15:52:11.172+0000] {taskinstance.py:2613} INFO - Dependencies all met for dep_context=requeueable deps ti=<TaskInstance: hk_daily_etl.ingest.weather manual__2026-07-21T15:52:04+00:00 [queued]>
[2026-07-21T15:52:11.172+0000] {taskinstance.py:2866} INFO - Starting attempt 1 of 1
[2026-07-21T15:52:11.179+0000] {taskinstance.py:2889} INFO - Executing <Task(DockerOperator): ingest.weather> on 2026-07-21 15:52:04+00:00
[2026-07-21T15:52:11.187+0000] {standard_task_runner.py:72} INFO - Started process 4279 to run task
[2026-07-21T15:52:11.188+0000] {standard_task_runner.py:104} INFO - Running: ['***', 'tasks', 'run', 'hk_daily_etl', 'ingest.weather', 'manual__2026-07-21T15:52:04+00:00', '--job-id', '19', '--raw', '--subdir', 'DAGS_FOLDER/hk_daily_etl.py', '--cfg-path', '/tmp/tmpa_s9ksdu']
[2026-07-21T15:52:11.190+0000] {standard_task_runner.py:105} INFO - Job 19: Subtask ingest.weather
[2026-07-21T15:52:11.223+0000] {task_command.py:467} INFO - Running <TaskInstance: hk_daily_etl.ingest.weather manual__2026-07-21T15:52:04+00:00 [running]> on host c8724559063f
[2026-07-21T15:52:11.280+0000] {taskinstance.py:3132} INFO - Exporting env vars: AIRFLOW_CTX_DAG_OWNER='***' AIRFLOW_CTX_DAG_ID='hk_daily_etl' AIRFLOW_CTX_TASK_ID='ingest.weather' AIRFLOW_CTX_EXECUTION_DATE='2026-07-21T15:52:04+00:00' AIRFLOW_CTX_TRY_NUMBER='1' AIRFLOW_CTX_DAG_RUN_ID='manual__2026-07-21T15:52:04+00:00'
[2026-07-21T15:52:11.280+0000] {taskinstance.py:731} INFO - ::endgroup::
[2026-07-21T15:52:11.313+0000] {docker.py:367} INFO - Starting docker container from image asia-east2-docker.pkg.dev/kestra-sandbox-486905/hk-pipeline/ingestion:latest
[2026-07-21T15:52:11.797+0000] {docker.py:438} INFO - Fetching weather: 2026-07-01 → 2026-07-07
[2026-07-21T15:52:11.798+0000] {docker.py:438} INFO -   2026-07-01...
[2026-07-21T15:52:14.414+0000] {docker.py:438} INFO - 24 hourly entries
[2026-07-21T15:52:14.428+0000] {docker.py:438} INFO - Traceback (most recent call last):
[2026-07-21T15:52:14.431+0000] {docker.py:438} INFO - File "/app/utils.py", line 19, in get_credentials
[2026-07-21T15:52:14.436+0000] {docker.py:438} INFO -     info = json.loads(key_val)  # try raw JSON first
[2026-07-21T15:52:14.437+0000] {docker.py:438} INFO -   File "/usr/local/lib/python3.13/json/__init__.py", line 352, in loads
[2026-07-21T15:52:14.437+0000] {docker.py:438} INFO -     return _default_decoder.decode(s)
[2026-07-21T15:52:14.438+0000] {docker.py:438} INFO -            ~~~~~~~~~~~~~~~~~~~~~~~^^^
[2026-07-21T15:52:14.438+0000] {docker.py:438} INFO -   File "/usr/local/lib/python3.13/json/decoder.py", line 345, in decode
[2026-07-21T15:52:14.438+0000] {docker.py:438} INFO -     obj, end = self.raw_decode(s, idx=_w(s, 0).end())
[2026-07-21T15:52:14.439+0000] {docker.py:438} INFO -                ~~~~~~~~~~~~~~~^^^^^^^^^^^^^^^^^^^^^^^
[2026-07-21T15:52:14.439+0000] {docker.py:438} INFO -   File "/usr/local/lib/python3.13/json/decoder.py", line 361, in raw_decode
[2026-07-21T15:52:14.439+0000] {docker.py:438} INFO -     obj, end = self.scan_once(s, idx)
[2026-07-21T15:52:14.440+0000] {docker.py:438} INFO -                ~~~~~~~~~~~~~~^^^^^^^^
[2026-07-21T15:52:14.441+0000] {docker.py:438} INFO - json.decoder.JSONDecodeError: Expecting property name enclosed in double quotes: line 1 column 2 (char 1)
[2026-07-21T15:52:14.441+0000] {docker.py:438} INFO - During handling of the above exception, another exception occurred:
[2026-07-21T15:52:14.442+0000] {docker.py:438} INFO - 
[2026-07-21T15:52:14.443+0000] {docker.py:438} INFO - Traceback (most recent call last):
[2026-07-21T15:52:14.443+0000] {docker.py:438} INFO - File "/app/weather_report.py", line 82, in <module>
[2026-07-21T15:52:14.445+0000] {docker.py:438} INFO -     gcs_path = upload_to_gcs(data, GCS_BUCKET, blob_name)
[2026-07-21T15:52:14.446+0000] {docker.py:438} INFO -   File "/app/utils.py", line 31, in upload_to_gcs
[2026-07-21T15:52:14.446+0000] {docker.py:438} INFO -     client = storage.Client(credentials=get_credentials())
[2026-07-21T15:52:14.446+0000] {docker.py:438} INFO -                                         ~~~~~~~~~~~~~~~^^
[2026-07-21T15:52:14.447+0000] {docker.py:438} INFO -   File "/app/utils.py", line 21, in get_credentials
[2026-07-21T15:52:14.447+0000] {docker.py:438} INFO -     key_json = base64.b64decode(key_val + "==").decode("utf-8")
[2026-07-21T15:52:14.447+0000] {docker.py:438} INFO - UnicodeDecodeError: 'utf-8' codec can't decode byte 0xb7 in position 0: invalid start byte
[2026-07-21T15:52:14.898+0000] {taskinstance.py:3311} ERROR - Task failed with exception
Traceback (most recent call last):
  File "/home/airflow/.local/lib/python3.11/site-packages/airflow/models/taskinstance.py", line 767, in _execute_task
    result = _execute_callable(context=context, **execute_callable_kwargs)
             ^^^^^^^^^^^^^^^^^^^^^^^^^^^^^^^^^^^^^^^^^^^^^^^^^^^^^^^^^^^^^
  File "/home/airflow/.local/lib/python3.11/site-packages/airflow/models/taskinstance.py", line 733, in _execute_callable
    return ExecutionCallableRunner(
           ^^^^^^^^^^^^^^^^^^^^^^^^
  File "/home/airflow/.local/lib/python3.11/site-packages/airflow/utils/operator_helpers.py", line 252, in run
    return self.func(*args, **kwargs)
           ^^^^^^^^^^^^^^^^^^^^^^^^^^
  File "/home/airflow/.local/lib/python3.11/site-packages/airflow/models/baseoperator.py", line 422, in wrapper
    return func(self, *args, **kwargs)
           ^^^^^^^^^^^^^^^^^^^^^^^^^^^
  File "/home/airflow/.local/lib/python3.11/site-packages/airflow/providers/docker/operators/docker.py", line 513, in execute
    return self._run_image()
           ^^^^^^^^^^^^^^^^^
  File "/home/airflow/.local/lib/python3.11/site-packages/airflow/providers/docker/operators/docker.py", line 384, in _run_image
    return self._run_image_with_mounts(self.mounts, add_tmp_variable=False)
           ^^^^^^^^^^^^^^^^^^^^^^^^^^^^^^^^^^^^^^^^^^^^^^^^^^^^^^^^^^^^^^^^
  File "/home/airflow/.local/lib/python3.11/site-packages/airflow/providers/docker/operators/docker.py", line 446, in _run_image_with_mounts
    raise DockerContainerFailedException(f"Docker container failed: {result!r}", logs=log_lines)
airflow.providers.docker.exceptions.DockerContainerFailedException: Docker container failed: {'StatusCode': 1}
[2026-07-21T15:52:14.918+0000] {taskinstance.py:1225} INFO - Marking task as FAILED. dag_id=hk_daily_etl, task_id=ingest.weather, run_id=manual__2026-07-21T15:52:04+00:00, execution_date=20260721T155204, start_date=20260721T155211, end_date=20260721T155214
[2026-07-21T15:52:14.942+0000] {taskinstance.py:340} INFO - ::group::Post task execution logs
[2026-07-21T15:52:14.943+0000] {standard_task_runner.py:124} ERROR - Failed to execute job 19 for task ingest.weather (Docker container failed: {'StatusCode': 1}; 4279)
Traceback (most recent call last):
  File "/home/airflow/.local/lib/python3.11/site-packages/airflow/task/task_runner/standard_task_runner.py", line 117, in _start_by_fork
    ret = args.func(args, dag=self.dag)
          ^^^^^^^^^^^^^^^^^^^^^^^^^^^^^
  File "/home/airflow/.local/lib/python3.11/site-packages/airflow/cli/cli_config.py", line 49, in command
    return func(*args, **kwargs)
           ^^^^^^^^^^^^^^^^^^^^^
  File "/home/airflow/.local/lib/python3.11/site-packages/airflow/utils/cli.py", line 116, in wrapper
    return f(*args, **kwargs)
           ^^^^^^^^^^^^^^^^^^
  File "/home/airflow/.local/lib/python3.11/site-packages/airflow/cli/commands/task_command.py", line 483, in task_run
    task_return_code = _run_task_by_selected_method(args, _dag, ti)
                       ^^^^^^^^^^^^^^^^^^^^^^^^^^^^^^^^^^^^^^^^^^^^
  File "/home/airflow/.local/lib/python3.11/site-packages/airflow/cli/commands/task_command.py", line 256, in _run_task_by_selected_method
    return _run_raw_task(args, ti)
           ^^^^^^^^^^^^^^^^^^^^^^^
  File "/home/airflow/.local/lib/python3.11/site-packages/airflow/cli/commands/task_command.py", line 341, in _run_raw_task
    return ti._run_raw_task(
           ^^^^^^^^^^^^^^^^^
  File "/home/airflow/.local/lib/python3.11/site-packages/airflow/utils/session.py", line 97, in wrapper
    return func(*args, session=session, **kwargs)
           ^^^^^^^^^^^^^^^^^^^^^^^^^^^^^^^^^^^^^^
  File "/home/airflow/.local/lib/python3.11/site-packages/airflow/models/taskinstance.py", line 3005, in _run_raw_task
    return _run_raw_task(
           ^^^^^^^^^^^^^^
  File "/home/airflow/.local/lib/python3.11/site-packages/airflow/models/taskinstance.py", line 273, in _run_raw_task
    TaskInstance._execute_task_with_callbacks(
  File "/home/airflow/.local/lib/python3.11/site-packages/airflow/models/taskinstance.py", line 3159, in _execute_task_with_callbacks
    result = self._execute_task(context, task_orig)
             ^^^^^^^^^^^^^^^^^^^^^^^^^^^^^^^^^^^^^^
  File "/home/airflow/.local/lib/python3.11/site-packages/airflow/models/taskinstance.py", line 3183, in _execute_task
    return _execute_task(self, context, task_orig)
           ^^^^^^^^^^^^^^^^^^^^^^^^^^^^^^^^^^^^^^^
  File "/home/airflow/.local/lib/python3.11/site-packages/airflow/models/taskinstance.py", line 767, in _execute_task
    result = _execute_callable(context=context, **execute_callable_kwargs)
             ^^^^^^^^^^^^^^^^^^^^^^^^^^^^^^^^^^^^^^^^^^^^^^^^^^^^^^^^^^^^^
  File "/home/airflow/.local/lib/python3.11/site-packages/airflow/models/taskinstance.py", line 733, in _execute_callable
    return ExecutionCallableRunner(
           ^^^^^^^^^^^^^^^^^^^^^^^^
  File "/home/airflow/.local/lib/python3.11/site-packages/airflow/utils/operator_helpers.py", line 252, in run
    return self.func(*args, **kwargs)
           ^^^^^^^^^^^^^^^^^^^^^^^^^^
  File "/home/airflow/.local/lib/python3.11/site-packages/airflow/models/baseoperator.py", line 422, in wrapper
    return func(self, *args, **kwargs)
           ^^^^^^^^^^^^^^^^^^^^^^^^^^^
  File "/home/airflow/.local/lib/python3.11/site-packages/airflow/providers/docker/operators/docker.py", line 513, in execute
    return self._run_image()
           ^^^^^^^^^^^^^^^^^
  File "/home/airflow/.local/lib/python3.11/site-packages/airflow/providers/docker/operators/docker.py", line 384, in _run_image
    return self._run_image_with_mounts(self.mounts, add_tmp_variable=False)
           ^^^^^^^^^^^^^^^^^^^^^^^^^^^^^^^^^^^^^^^^^^^^^^^^^^^^^^^^^^^^^^^^
  File "/home/airflow/.local/lib/python3.11/site-packages/airflow/providers/docker/operators/docker.py", line 446, in _run_image_with_mounts
    raise DockerContainerFailedException(f"Docker container failed: {result!r}", logs=log_lines)
airflow.providers.docker.exceptions.DockerContainerFailedException: Docker container failed: {'StatusCode': 1}
[2026-07-21T15:52:14.984+0000] {local_task_job_runner.py:266} INFO - Task exited with return code 1
[2026-07-21T15:52:15.068+0000] {taskinstance.py:3895} INFO - 0 downstream tasks scheduled from follow-on schedule check
[2026-07-21T15:52:15.079+0000] {local_task_job_runner.py:245} INFO - ::endgroup::
