[2026-07-22T00:00:51.677+0000] {local_task_job_runner.py:123} INFO - ::group::Pre task execution logs
[2026-07-22T00:00:51.683+0000] {taskinstance.py:2613} INFO - Dependencies all met for dep_context=non-requeueable deps ti=<TaskInstance: hk_daily_etl.branch_transform scheduled__2026-07-21T00:00:00+00:00 [queued]>
[2026-07-22T00:00:51.686+0000] {taskinstance.py:2613} INFO - Dependencies all met for dep_context=requeueable deps ti=<TaskInstance: hk_daily_etl.branch_transform scheduled__2026-07-21T00:00:00+00:00 [queued]>
[2026-07-22T00:00:51.686+0000] {taskinstance.py:2866} INFO - Starting attempt 1 of 1
[2026-07-22T00:00:51.690+0000] {taskinstance.py:2889} INFO - Executing <Task(BranchPythonOperator): branch_transform> on 2026-07-21 00:00:00+00:00
[2026-07-22T00:00:51.695+0000] {standard_task_runner.py:72} INFO - Started process 11588 to run task
[2026-07-22T00:00:51.696+0000] {standard_task_runner.py:104} INFO - Running: ['***', 'tasks', 'run', 'hk_daily_etl', 'branch_transform', 'scheduled__2026-07-21T00:00:00+00:00', '--job-id', '38', '--raw', '--subdir', 'DAGS_FOLDER/hk_daily_etl.py', '--cfg-path', '/tmp/tmp4k9hqg3z']
[2026-07-22T00:00:51.698+0000] {standard_task_runner.py:105} INFO - Job 38: Subtask branch_transform
[2026-07-22T00:00:51.716+0000] {task_command.py:467} INFO - Running <TaskInstance: hk_daily_etl.branch_transform scheduled__2026-07-21T00:00:00+00:00 [running]> on host c8724559063f
[2026-07-22T00:00:51.743+0000] {taskinstance.py:3132} INFO - Exporting env vars: AIRFLOW_CTX_DAG_OWNER='***' AIRFLOW_CTX_DAG_ID='hk_daily_etl' AIRFLOW_CTX_TASK_ID='branch_transform' AIRFLOW_CTX_EXECUTION_DATE='2026-07-21T00:00:00+00:00' AIRFLOW_CTX_TRY_NUMBER='1' AIRFLOW_CTX_DAG_RUN_ID='scheduled__2026-07-21T00:00:00+00:00'
[2026-07-22T00:00:51.744+0000] {taskinstance.py:731} INFO - ::endgroup::
[2026-07-22T00:00:51.749+0000] {baseoperator.py:421} WARNING - BranchPythonOperator.execute cannot be called outside TaskInstance!
[2026-07-22T00:00:51.749+0000] {python.py:240} INFO - Done. Returned value was: run_transform
[2026-07-22T00:00:51.749+0000] {branch.py:38} INFO - Branch into run_transform
[2026-07-22T00:00:51.749+0000] {skipmixin.py:230} INFO - Following branch ('run_transform',)
[2026-07-22T00:00:51.753+0000] {skipmixin.py:278} INFO - Skipping tasks [('skip_transform', -1)]
[2026-07-22T00:00:51.763+0000] {taskinstance.py:340} INFO - ::group::Post task execution logs
[2026-07-22T00:00:51.763+0000] {taskinstance.py:352} INFO - Marking task as SUCCESS. dag_id=hk_daily_etl, task_id=branch_transform, run_id=scheduled__2026-07-21T00:00:00+00:00, execution_date=20260721T000000, start_date=20260722T000051, end_date=20260722T000051
[2026-07-22T00:00:51.801+0000] {local_task_job_runner.py:266} INFO - Task exited with return code 0
[2026-07-22T00:00:51.811+0000] {taskinstance.py:3895} INFO - 0 downstream tasks scheduled from follow-on schedule check
[2026-07-22T00:00:51.812+0000] {local_task_job_runner.py:245} INFO - ::endgroup::
