[2026-07-22T00:00:26.690+0000] {local_task_job_runner.py:123} INFO - ::group::Pre task execution logs
[2026-07-22T00:00:26.699+0000] {taskinstance.py:2613} INFO - Dependencies all met for dep_context=non-requeueable deps ti=<TaskInstance: hk_daily_etl.ingest.air_quality scheduled__2026-07-21T00:00:00+00:00 [queued]>
[2026-07-22T00:00:26.702+0000] {taskinstance.py:2613} INFO - Dependencies all met for dep_context=requeueable deps ti=<TaskInstance: hk_daily_etl.ingest.air_quality scheduled__2026-07-21T00:00:00+00:00 [queued]>
[2026-07-22T00:00:26.703+0000] {taskinstance.py:2866} INFO - Starting attempt 1 of 1
[2026-07-22T00:00:26.707+0000] {taskinstance.py:2889} INFO - Executing <Task(DockerOperator): ingest.air_quality> on 2026-07-21 00:00:00+00:00
[2026-07-22T00:00:26.708+0000] {standard_task_runner.py:72} INFO - Started process 11568 to run task
[2026-07-22T00:00:26.710+0000] {standard_task_runner.py:104} INFO - Running: ['***', 'tasks', 'run', 'hk_daily_etl', 'ingest.air_quality', 'scheduled__2026-07-21T00:00:00+00:00', '--job-id', '33', '--raw', '--subdir', 'DAGS_FOLDER/hk_daily_etl.py', '--cfg-path', '/tmp/tmpzppave65']
[2026-07-22T00:00:26.711+0000] {standard_task_runner.py:105} INFO - Job 33: Subtask ingest.air_quality
[2026-07-22T00:00:26.762+0000] {task_command.py:467} INFO - Running <TaskInstance: hk_daily_etl.ingest.air_quality scheduled__2026-07-21T00:00:00+00:00 [running]> on host c8724559063f
[2026-07-22T00:00:26.815+0000] {taskinstance.py:3132} INFO - Exporting env vars: AIRFLOW_CTX_DAG_OWNER='***' AIRFLOW_CTX_DAG_ID='hk_daily_etl' AIRFLOW_CTX_TASK_ID='ingest.air_quality' AIRFLOW_CTX_EXECUTION_DATE='2026-07-21T00:00:00+00:00' AIRFLOW_CTX_TRY_NUMBER='1' AIRFLOW_CTX_DAG_RUN_ID='scheduled__2026-07-21T00:00:00+00:00'
[2026-07-22T00:00:26.815+0000] {taskinstance.py:731} INFO - ::endgroup::
[2026-07-22T00:00:26.844+0000] {docker.py:367} INFO - Starting docker container from image asia-east2-docker.pkg.dev/kestra-sandbox-486905/hk-pipeline/ingestion:latest
[2026-07-22T00:00:27.452+0000] {docker.py:438} INFO - Fetching historical air quality (Open-Meteo): 2026-07-21 → 2026-07-21
[2026-07-22T00:00:27.453+0000] {docker.py:438} INFO -   2026-07-21...
[2026-07-22T00:00:29.830+0000] {docker.py:438} INFO - 24 hourly entries → uploaded to gs://hk-data-pipeline/air_quality/2026-07-21.json
[2026-07-22T00:00:29.969+0000] {taskinstance.py:340} INFO - ::group::Post task execution logs
[2026-07-22T00:00:29.969+0000] {taskinstance.py:352} INFO - Marking task as SUCCESS. dag_id=hk_daily_etl, task_id=ingest.air_quality, run_id=scheduled__2026-07-21T00:00:00+00:00, execution_date=20260721T000000, start_date=20260722T000026, end_date=20260722T000029
[2026-07-22T00:00:30.004+0000] {local_task_job_runner.py:266} INFO - Task exited with return code 0
[2026-07-22T00:00:30.014+0000] {taskinstance.py:3895} INFO - 0 downstream tasks scheduled from follow-on schedule check
[2026-07-22T00:00:30.014+0000] {local_task_job_runner.py:245} INFO - ::endgroup::
