[2026-07-21T15:38:07.395+0000] {local_task_job_runner.py:123} INFO - ::group::Pre task execution logs
[2026-07-21T15:38:07.403+0000] {taskinstance.py:2613} INFO - Dependencies all met for dep_context=non-requeueable deps ti=<TaskInstance: hk_daily_etl.branch_ingest manual__2026-07-21T15:37:58+00:00 [queued]>
[2026-07-21T15:38:07.406+0000] {taskinstance.py:2613} INFO - Dependencies all met for dep_context=requeueable deps ti=<TaskInstance: hk_daily_etl.branch_ingest manual__2026-07-21T15:37:58+00:00 [queued]>
[2026-07-21T15:38:07.406+0000] {taskinstance.py:2866} INFO - Starting attempt 1 of 1
[2026-07-21T15:38:07.410+0000] {taskinstance.py:2889} INFO - Executing <Task(BranchPythonOperator): branch_ingest> on 2026-07-21 15:37:58+00:00
[2026-07-21T15:38:07.415+0000] {standard_task_runner.py:72} INFO - Started process 3932 to run task
[2026-07-21T15:38:07.417+0000] {standard_task_runner.py:104} INFO - Running: ['***', 'tasks', 'run', 'hk_daily_etl', 'branch_ingest', 'manual__2026-07-21T15:37:58+00:00', '--job-id', '8', '--raw', '--subdir', 'DAGS_FOLDER/hk_daily_etl.py', '--cfg-path', '/tmp/tmp68q475xw']
[2026-07-21T15:38:07.419+0000] {standard_task_runner.py:105} INFO - Job 8: Subtask branch_ingest
[2026-07-21T15:38:07.461+0000] {task_command.py:467} INFO - Running <TaskInstance: hk_daily_etl.branch_ingest manual__2026-07-21T15:37:58+00:00 [running]> on host c8724559063f
[2026-07-21T15:38:07.503+0000] {taskinstance.py:3132} INFO - Exporting env vars: AIRFLOW_CTX_DAG_OWNER='***' AIRFLOW_CTX_DAG_ID='hk_daily_etl' AIRFLOW_CTX_TASK_ID='branch_ingest' AIRFLOW_CTX_EXECUTION_DATE='2026-07-21T15:37:58+00:00' AIRFLOW_CTX_TRY_NUMBER='1' AIRFLOW_CTX_DAG_RUN_ID='manual__2026-07-21T15:37:58+00:00'
[2026-07-21T15:38:07.504+0000] {taskinstance.py:731} INFO - ::endgroup::
[2026-07-21T15:38:07.518+0000] {baseoperator.py:421} WARNING - BranchPythonOperator.execute cannot be called outside TaskInstance!
[2026-07-21T15:38:07.518+0000] {python.py:240} INFO - Done. Returned value was: run_ingest
[2026-07-21T15:38:07.518+0000] {branch.py:38} INFO - Branch into run_ingest
[2026-07-21T15:38:07.519+0000] {skipmixin.py:230} INFO - Following branch ('run_ingest',)
[2026-07-21T15:38:07.525+0000] {skipmixin.py:278} INFO - Skipping tasks [('skip_ingest', -1)]
[2026-07-21T15:38:07.538+0000] {taskinstance.py:340} INFO - ::group::Post task execution logs
[2026-07-21T15:38:07.538+0000] {taskinstance.py:352} INFO - Marking task as SUCCESS. dag_id=hk_daily_etl, task_id=branch_ingest, run_id=manual__2026-07-21T15:37:58+00:00, execution_date=20260721T153758, start_date=20260721T153807, end_date=20260721T153807
[2026-07-21T15:38:07.560+0000] {local_task_job_runner.py:266} INFO - Task exited with return code 0
[2026-07-21T15:38:07.573+0000] {taskinstance.py:3895} INFO - 0 downstream tasks scheduled from follow-on schedule check
[2026-07-21T15:38:07.574+0000] {local_task_job_runner.py:245} INFO - ::endgroup::
