[2026-07-21T16:00:37.258+0000] {local_task_job_runner.py:123} INFO - ::group::Pre task execution logs
[2026-07-21T16:00:37.266+0000] {taskinstance.py:2613} INFO - Dependencies all met for dep_context=non-requeueable deps ti=<TaskInstance: hk_daily_etl.ingest.weather manual__2026-07-21T16:00:26+00:00 [queued]>
[2026-07-21T16:00:37.272+0000] {taskinstance.py:2613} INFO - Dependencies all met for dep_context=requeueable deps ti=<TaskInstance: hk_daily_etl.ingest.weather manual__2026-07-21T16:00:26+00:00 [queued]>
[2026-07-21T16:00:37.272+0000] {taskinstance.py:2866} INFO - Starting attempt 1 of 1
[2026-07-21T16:00:37.278+0000] {taskinstance.py:2889} INFO - Executing <Task(DockerOperator): ingest.weather> on 2026-07-21 16:00:26+00:00
[2026-07-21T16:00:37.282+0000] {standard_task_runner.py:72} INFO - Started process 4498 to run task
[2026-07-21T16:00:37.283+0000] {standard_task_runner.py:104} INFO - Running: ['***', 'tasks', 'run', 'hk_daily_etl', 'ingest.weather', 'manual__2026-07-21T16:00:26+00:00', '--job-id', '27', '--raw', '--subdir', 'DAGS_FOLDER/hk_daily_etl.py', '--cfg-path', '/tmp/tmpx5t3ip6q']
[2026-07-21T16:00:37.284+0000] {standard_task_runner.py:105} INFO - Job 27: Subtask ingest.weather
[2026-07-21T16:00:37.307+0000] {task_command.py:467} INFO - Running <TaskInstance: hk_daily_etl.ingest.weather manual__2026-07-21T16:00:26+00:00 [running]> on host c8724559063f
[2026-07-21T16:00:37.359+0000] {taskinstance.py:3132} INFO - Exporting env vars: AIRFLOW_CTX_DAG_OWNER='***' AIRFLOW_CTX_DAG_ID='hk_daily_etl' AIRFLOW_CTX_TASK_ID='ingest.weather' AIRFLOW_CTX_EXECUTION_DATE='2026-07-21T16:00:26+00:00' AIRFLOW_CTX_TRY_NUMBER='1' AIRFLOW_CTX_DAG_RUN_ID='manual__2026-07-21T16:00:26+00:00'
[2026-07-21T16:00:37.360+0000] {taskinstance.py:731} INFO - ::endgroup::
[2026-07-21T16:00:37.396+0000] {docker.py:367} INFO - Starting docker container from image asia-east2-docker.pkg.dev/kestra-sandbox-486905/hk-pipeline/ingestion:latest
[2026-07-21T16:00:37.789+0000] {docker.py:438} INFO - Fetching weather: 2026-07-01 → 2026-07-03
[2026-07-21T16:00:37.790+0000] {docker.py:438} INFO -   2026-07-01...
[2026-07-21T16:00:40.448+0000] {docker.py:438} INFO - 24 hourly entries → uploaded to gs://hk-data-pipeline/weather/2026-07-01.json
[2026-07-21T16:00:40.452+0000] {docker.py:438} INFO -   2026-07-02...
[2026-07-21T16:01:19.729+0000] {docker.py:438} INFO - Traceback (most recent call last):
[2026-07-21T16:01:19.742+0000] {docker.py:438} INFO - File "/usr/local/lib/python3.13/site-packages/urllib3/connectionpool.py", line 788, in urlopen
[2026-07-21T16:01:19.742+0000] {docker.py:438} INFO -     response = self._make_request(
[2026-07-21T16:01:19.743+0000] {docker.py:438} INFO -         conn,
[2026-07-21T16:01:19.743+0000] {docker.py:438} INFO -     ...<10 lines>...
[2026-07-21T16:01:19.744+0000] {docker.py:438} INFO -         **response_kw,
[2026-07-21T16:01:19.744+0000] {docker.py:438} INFO -     )
[2026-07-21T16:01:19.745+0000] {docker.py:438} INFO -   File "/usr/local/lib/python3.13/site-packages/urllib3/connectionpool.py", line 534, in _make_request
[2026-07-21T16:01:19.745+0000] {docker.py:438} INFO -     response = conn.getresponse()
[2026-07-21T16:01:19.745+0000] {docker.py:438} INFO -   File "/usr/local/lib/python3.13/site-packages/urllib3/connection.py", line 571, in getresponse
[2026-07-21T16:01:19.746+0000] {docker.py:438} INFO -     httplib_response = super().getresponse()
[2026-07-21T16:01:19.746+0000] {docker.py:438} INFO -   File "/usr/local/lib/python3.13/http/client.py", line 1450, in getresponse
[2026-07-21T16:01:19.746+0000] {docker.py:438} INFO -     response.begin()
[2026-07-21T16:01:19.747+0000] {docker.py:438} INFO -     ~~~~~~~~~~~~~~^^
[2026-07-21T16:01:19.747+0000] {docker.py:438} INFO -   File "/usr/local/lib/python3.13/http/client.py", line 336, in begin
[2026-07-21T16:01:19.748+0000] {docker.py:438} INFO -     version, status, reason = self._read_status()
[2026-07-21T16:01:19.748+0000] {docker.py:438} INFO -                               ~~~~~~~~~~~~~~~~~^^
[2026-07-21T16:01:19.748+0000] {docker.py:438} INFO -   File "/usr/local/lib/python3.13/http/client.py", line 305, in _read_status
[2026-07-21T16:01:19.749+0000] {docker.py:438} INFO -     raise RemoteDisconnected("Remote end closed connection without"
[2026-07-21T16:01:19.749+0000] {docker.py:438} INFO -                              " response")
[2026-07-21T16:01:19.749+0000] {docker.py:438} INFO - http.client.RemoteDisconnected: Remote end closed connection without response
[2026-07-21T16:01:19.750+0000] {docker.py:438} INFO - During handling of the above exception, another exception occurred:
[2026-07-21T16:01:19.750+0000] {docker.py:438} INFO - 
[2026-07-21T16:01:19.751+0000] {docker.py:438} INFO - Traceback (most recent call last):
[2026-07-21T16:01:19.751+0000] {docker.py:438} INFO - File "/usr/local/lib/python3.13/site-packages/requests/adapters.py", line 486, in send
[2026-07-21T16:01:19.752+0000] {docker.py:438} INFO -     resp = conn.urlopen(
[2026-07-21T16:01:19.753+0000] {docker.py:438} INFO -         method=request.method,
[2026-07-21T16:01:19.754+0000] {docker.py:438} INFO -     ...<9 lines>...
[2026-07-21T16:01:19.754+0000] {docker.py:438} INFO -         chunked=chunked,
[2026-07-21T16:01:19.754+0000] {docker.py:438} INFO -     )
[2026-07-21T16:01:19.755+0000] {docker.py:438} INFO -   File "/usr/local/lib/python3.13/site-packages/urllib3/connectionpool.py", line 842, in urlopen
[2026-07-21T16:01:19.755+0000] {docker.py:438} INFO -     retries = retries.increment(
[2026-07-21T16:01:19.755+0000] {docker.py:438} INFO -         method, url, error=new_e, _pool=self, _stacktrace=sys.exc_info()[2]
[2026-07-21T16:01:19.756+0000] {docker.py:438} INFO -     )
[2026-07-21T16:01:19.756+0000] {docker.py:438} INFO -   File "/usr/local/lib/python3.13/site-packages/urllib3/util/retry.py", line 498, in increment
[2026-07-21T16:01:19.756+0000] {docker.py:438} INFO -     raise reraise(type(error), error, _stacktrace)
[2026-07-21T16:01:19.756+0000] {docker.py:438} INFO -           ~~~~~~~^^^^^^^^^^^^^^^^^^^^^^^^^^^^^^^^^
[2026-07-21T16:01:19.757+0000] {docker.py:438} INFO -   File "/usr/local/lib/python3.13/site-packages/urllib3/util/util.py", line 38, in reraise
[2026-07-21T16:01:19.757+0000] {docker.py:438} INFO -     raise value.with_traceback(tb)
[2026-07-21T16:01:19.758+0000] {docker.py:438} INFO -   File "/usr/local/lib/python3.13/site-packages/urllib3/connectionpool.py", line 788, in urlopen
[2026-07-21T16:01:19.758+0000] {docker.py:438} INFO -     response = self._make_request(
[2026-07-21T16:01:19.758+0000] {docker.py:438} INFO -         conn,
[2026-07-21T16:01:19.758+0000] {docker.py:438} INFO -     ...<10 lines>...
[2026-07-21T16:01:19.758+0000] {docker.py:438} INFO -         **response_kw,
[2026-07-21T16:01:19.759+0000] {docker.py:438} INFO -     )
[2026-07-21T16:01:19.759+0000] {docker.py:438} INFO -   File "/usr/local/lib/python3.13/site-packages/urllib3/connectionpool.py", line 534, in _make_request
[2026-07-21T16:01:19.759+0000] {docker.py:438} INFO -     response = conn.getresponse()
[2026-07-21T16:01:19.759+0000] {docker.py:438} INFO -   File "/usr/local/lib/python3.13/site-packages/urllib3/connection.py", line 571, in getresponse
[2026-07-21T16:01:19.759+0000] {docker.py:438} INFO -     httplib_response = super().getresponse()
[2026-07-21T16:01:19.759+0000] {docker.py:438} INFO -   File "/usr/local/lib/python3.13/http/client.py", line 1450, in getresponse
[2026-07-21T16:01:19.759+0000] {docker.py:438} INFO -     response.begin()
[2026-07-21T16:01:19.759+0000] {docker.py:438} INFO -     ~~~~~~~~~~~~~~^^
[2026-07-21T16:01:19.759+0000] {docker.py:438} INFO -   File "/usr/local/lib/python3.13/http/client.py", line 336, in begin
[2026-07-21T16:01:19.759+0000] {docker.py:438} INFO -     version, status, reason = self._read_status()
[2026-07-21T16:01:19.760+0000] {docker.py:438} INFO -                               ~~~~~~~~~~~~~~~~~^^
[2026-07-21T16:01:19.760+0000] {docker.py:438} INFO -   File "/usr/local/lib/python3.13/http/client.py", line 305, in _read_status
[2026-07-21T16:01:19.760+0000] {docker.py:438} INFO -     raise RemoteDisconnected("Remote end closed connection without"
[2026-07-21T16:01:19.760+0000] {docker.py:438} INFO -                              " response")
[2026-07-21T16:01:19.760+0000] {docker.py:438} INFO - urllib3.exceptions.ProtocolError: ('Connection aborted.', RemoteDisconnected('Remote end closed connection without response'))
[2026-07-21T16:01:19.760+0000] {docker.py:438} INFO - 
[2026-07-21T16:01:19.761+0000] {docker.py:438} INFO - During handling of the above exception, another exception occurred:
[2026-07-21T16:01:19.761+0000] {docker.py:438} INFO - 
[2026-07-21T16:01:19.761+0000] {docker.py:438} INFO - Traceback (most recent call last):
[2026-07-21T16:01:19.761+0000] {docker.py:438} INFO - File "/app/weather_report.py", line 77, in <module>
[2026-07-21T16:01:19.761+0000] {docker.py:438} INFO -     data = fetch_weather(day_str, day_str)
[2026-07-21T16:01:19.761+0000] {docker.py:438} INFO -   File "/app/weather_report.py", line 37, in fetch_weather
[2026-07-21T16:01:19.761+0000] {docker.py:438} INFO -     r = requests.get(ARCHIVE_URL, params=params)
[2026-07-21T16:01:19.761+0000] {docker.py:438} INFO -   File "/usr/local/lib/python3.13/site-packages/requests/api.py", line 73, in get
[2026-07-21T16:01:19.762+0000] {docker.py:438} INFO -     return request("get", url, params=params, **kwargs)
[2026-07-21T16:01:19.762+0000] {docker.py:438} INFO -   File "/usr/local/lib/python3.13/site-packages/requests/api.py", line 59, in request
[2026-07-21T16:01:19.762+0000] {docker.py:438} INFO -     return session.request(method=method, url=url, **kwargs)
[2026-07-21T16:01:19.762+0000] {docker.py:438} INFO -            ~~~~~~~~~~~~~~~^^^^^^^^^^^^^^^^^^^^^^^^^^^^^^^^^^
[2026-07-21T16:01:19.763+0000] {docker.py:438} INFO -   File "/usr/local/lib/python3.13/site-packages/requests/sessions.py", line 589, in request
[2026-07-21T16:01:19.763+0000] {docker.py:438} INFO -     resp = self.send(prep, **send_kwargs)
[2026-07-21T16:01:19.763+0000] {docker.py:438} INFO -   File "/usr/local/lib/python3.13/site-packages/requests/sessions.py", line 703, in send
[2026-07-21T16:01:19.763+0000] {docker.py:438} INFO -     r = adapter.send(request, **kwargs)
[2026-07-21T16:01:19.763+0000] {docker.py:438} INFO -   File "/usr/local/lib/python3.13/site-packages/requests/adapters.py", line 501, in send
[2026-07-21T16:01:19.763+0000] {docker.py:438} INFO -     raise ConnectionError(err, request=request)
[2026-07-21T16:01:19.763+0000] {docker.py:438} INFO - requests.exceptions.ConnectionError: ('Connection aborted.', RemoteDisconnected('Remote end closed connection without response'))
[2026-07-21T16:01:19.952+0000] {taskinstance.py:3311} ERROR - Task failed with exception
Traceback (most recent call last):
  File "/home/airflow/.local/lib/python3.11/site-packages/airflow/models/taskinstance.py", line 767, in _execute_task
    result = _execute_callable(context=context, **execute_callable_kwargs)
             ^^^^^^^^^^^^^^^^^^^^^^^^^^^^^^^^^^^^^^^^^^^^^^^^^^^^^^^^^^^^^
  File "/home/airflow/.local/lib/python3.11/site-packages/airflow/models/taskinstance.py", line 733, in _execute_callable
    return ExecutionCallableRunner(
           ^^^^^^^^^^^^^^^^^^^^^^^^
  File "/home/airflow/.local/lib/python3.11/site-packages/airflow/utils/operator_helpers.py", line 252, in run
    return self.func(*args, **kwargs)
           ^^^^^^^^^^^^^^^^^^^^^^^^^^
  File "/home/airflow/.local/lib/python3.11/site-packages/airflow/models/baseoperator.py", line 422, in wrapper
    return func(self, *args, **kwargs)
           ^^^^^^^^^^^^^^^^^^^^^^^^^^^
  File "/home/airflow/.local/lib/python3.11/site-packages/airflow/providers/docker/operators/docker.py", line 513, in execute
    return self._run_image()
           ^^^^^^^^^^^^^^^^^
  File "/home/airflow/.local/lib/python3.11/site-packages/airflow/providers/docker/operators/docker.py", line 384, in _run_image
    return self._run_image_with_mounts(self.mounts, add_tmp_variable=False)
           ^^^^^^^^^^^^^^^^^^^^^^^^^^^^^^^^^^^^^^^^^^^^^^^^^^^^^^^^^^^^^^^^
  File "/home/airflow/.local/lib/python3.11/site-packages/airflow/providers/docker/operators/docker.py", line 446, in _run_image_with_mounts
    raise DockerContainerFailedException(f"Docker container failed: {result!r}", logs=log_lines)
airflow.providers.docker.exceptions.DockerContainerFailedException: Docker container failed: {'StatusCode': 1}
[2026-07-21T16:01:19.956+0000] {taskinstance.py:1225} INFO - Marking task as FAILED. dag_id=hk_daily_etl, task_id=ingest.weather, run_id=manual__2026-07-21T16:00:26+00:00, execution_date=20260721T160026, start_date=20260721T160037, end_date=20260721T160119
[2026-07-21T16:01:19.964+0000] {taskinstance.py:340} INFO - ::group::Post task execution logs
[2026-07-21T16:01:19.964+0000] {standard_task_runner.py:124} ERROR - Failed to execute job 27 for task ingest.weather (Docker container failed: {'StatusCode': 1}; 4498)
Traceback (most recent call last):
  File "/home/airflow/.local/lib/python3.11/site-packages/airflow/task/task_runner/standard_task_runner.py", line 117, in _start_by_fork
    ret = args.func(args, dag=self.dag)
          ^^^^^^^^^^^^^^^^^^^^^^^^^^^^^
  File "/home/airflow/.local/lib/python3.11/site-packages/airflow/cli/cli_config.py", line 49, in command
    return func(*args, **kwargs)
           ^^^^^^^^^^^^^^^^^^^^^
  File "/home/airflow/.local/lib/python3.11/site-packages/airflow/utils/cli.py", line 116, in wrapper
    return f(*args, **kwargs)
           ^^^^^^^^^^^^^^^^^^
  File "/home/airflow/.local/lib/python3.11/site-packages/airflow/cli/commands/task_command.py", line 483, in task_run
    task_return_code = _run_task_by_selected_method(args, _dag, ti)
                       ^^^^^^^^^^^^^^^^^^^^^^^^^^^^^^^^^^^^^^^^^^^^
  File "/home/airflow/.local/lib/python3.11/site-packages/airflow/cli/commands/task_command.py", line 256, in _run_task_by_selected_method
    return _run_raw_task(args, ti)
           ^^^^^^^^^^^^^^^^^^^^^^^
  File "/home/airflow/.local/lib/python3.11/site-packages/airflow/cli/commands/task_command.py", line 341, in _run_raw_task
    return ti._run_raw_task(
           ^^^^^^^^^^^^^^^^^
  File "/home/airflow/.local/lib/python3.11/site-packages/airflow/utils/session.py", line 97, in wrapper
    return func(*args, session=session, **kwargs)
           ^^^^^^^^^^^^^^^^^^^^^^^^^^^^^^^^^^^^^^
  File "/home/airflow/.local/lib/python3.11/site-packages/airflow/models/taskinstance.py", line 3005, in _run_raw_task
    return _run_raw_task(
           ^^^^^^^^^^^^^^
  File "/home/airflow/.local/lib/python3.11/site-packages/airflow/models/taskinstance.py", line 273, in _run_raw_task
    TaskInstance._execute_task_with_callbacks(
  File "/home/airflow/.local/lib/python3.11/site-packages/airflow/models/taskinstance.py", line 3159, in _execute_task_with_callbacks
    result = self._execute_task(context, task_orig)
             ^^^^^^^^^^^^^^^^^^^^^^^^^^^^^^^^^^^^^^
  File "/home/airflow/.local/lib/python3.11/site-packages/airflow/models/taskinstance.py", line 3183, in _execute_task
    return _execute_task(self, context, task_orig)
           ^^^^^^^^^^^^^^^^^^^^^^^^^^^^^^^^^^^^^^^
  File "/home/airflow/.local/lib/python3.11/site-packages/airflow/models/taskinstance.py", line 767, in _execute_task
    result = _execute_callable(context=context, **execute_callable_kwargs)
             ^^^^^^^^^^^^^^^^^^^^^^^^^^^^^^^^^^^^^^^^^^^^^^^^^^^^^^^^^^^^^
  File "/home/airflow/.local/lib/python3.11/site-packages/airflow/models/taskinstance.py", line 733, in _execute_callable
    return ExecutionCallableRunner(
           ^^^^^^^^^^^^^^^^^^^^^^^^
  File "/home/airflow/.local/lib/python3.11/site-packages/airflow/utils/operator_helpers.py", line 252, in run
    return self.func(*args, **kwargs)
           ^^^^^^^^^^^^^^^^^^^^^^^^^^
  File "/home/airflow/.local/lib/python3.11/site-packages/airflow/models/baseoperator.py", line 422, in wrapper
    return func(self, *args, **kwargs)
           ^^^^^^^^^^^^^^^^^^^^^^^^^^^
  File "/home/airflow/.local/lib/python3.11/site-packages/airflow/providers/docker/operators/docker.py", line 513, in execute
    return self._run_image()
           ^^^^^^^^^^^^^^^^^
  File "/home/airflow/.local/lib/python3.11/site-packages/airflow/providers/docker/operators/docker.py", line 384, in _run_image
    return self._run_image_with_mounts(self.mounts, add_tmp_variable=False)
           ^^^^^^^^^^^^^^^^^^^^^^^^^^^^^^^^^^^^^^^^^^^^^^^^^^^^^^^^^^^^^^^^
  File "/home/airflow/.local/lib/python3.11/site-packages/airflow/providers/docker/operators/docker.py", line 446, in _run_image_with_mounts
    raise DockerContainerFailedException(f"Docker container failed: {result!r}", logs=log_lines)
airflow.providers.docker.exceptions.DockerContainerFailedException: Docker container failed: {'StatusCode': 1}
[2026-07-21T16:01:19.989+0000] {local_task_job_runner.py:266} INFO - Task exited with return code 1
[2026-07-21T16:01:20.007+0000] {taskinstance.py:3895} INFO - 0 downstream tasks scheduled from follow-on schedule check
[2026-07-21T16:01:20.007+0000] {local_task_job_runner.py:245} INFO - ::endgroup::
