[2026-07-21T15:47:21.752+0000] {local_task_job_runner.py:123} INFO - ::group::Pre task execution logs
[2026-07-21T15:47:21.759+0000] {taskinstance.py:2613} INFO - Dependencies all met for dep_context=non-requeueable deps ti=<TaskInstance: hk_daily_etl.branch_ingest manual__2026-07-21T15:47:17+00:00 [queued]>
[2026-07-21T15:47:21.762+0000] {taskinstance.py:2613} INFO - Dependencies all met for dep_context=requeueable deps ti=<TaskInstance: hk_daily_etl.branch_ingest manual__2026-07-21T15:47:17+00:00 [queued]>
[2026-07-21T15:47:21.762+0000] {taskinstance.py:2866} INFO - Starting attempt 1 of 1
[2026-07-21T15:47:21.766+0000] {taskinstance.py:2889} INFO - Executing <Task(BranchPythonOperator): branch_ingest> on 2026-07-21 15:47:17+00:00
[2026-07-21T15:47:21.770+0000] {standard_task_runner.py:72} INFO - Started process 4148 to run task
[2026-07-21T15:47:21.771+0000] {standard_task_runner.py:104} INFO - Running: ['***', 'tasks', 'run', 'hk_daily_etl', 'branch_ingest', 'manual__2026-07-21T15:47:17+00:00', '--job-id', '11', '--raw', '--subdir', 'DAGS_FOLDER/hk_daily_etl.py', '--cfg-path', '/tmp/tmpz3bgx3zb']
[2026-07-21T15:47:21.774+0000] {standard_task_runner.py:105} INFO - Job 11: Subtask branch_ingest
[2026-07-21T15:47:21.797+0000] {task_command.py:467} INFO - Running <TaskInstance: hk_daily_etl.branch_ingest manual__2026-07-21T15:47:17+00:00 [running]> on host c8724559063f
[2026-07-21T15:47:21.838+0000] {taskinstance.py:3132} INFO - Exporting env vars: AIRFLOW_CTX_DAG_OWNER='***' AIRFLOW_CTX_DAG_ID='hk_daily_etl' AIRFLOW_CTX_TASK_ID='branch_ingest' AIRFLOW_CTX_EXECUTION_DATE='2026-07-21T15:47:17+00:00' AIRFLOW_CTX_TRY_NUMBER='1' AIRFLOW_CTX_DAG_RUN_ID='manual__2026-07-21T15:47:17+00:00'
[2026-07-21T15:47:21.839+0000] {taskinstance.py:731} INFO - ::endgroup::
[2026-07-21T15:47:21.849+0000] {baseoperator.py:421} WARNING - BranchPythonOperator.execute cannot be called outside TaskInstance!
[2026-07-21T15:47:21.850+0000] {python.py:240} INFO - Done. Returned value was: run_ingest
[2026-07-21T15:47:21.850+0000] {branch.py:38} INFO - Branch into run_ingest
[2026-07-21T15:47:21.851+0000] {skipmixin.py:230} INFO - Following branch ('run_ingest',)
[2026-07-21T15:47:21.855+0000] {skipmixin.py:278} INFO - Skipping tasks [('skip_ingest', -1)]
[2026-07-21T15:47:21.866+0000] {taskinstance.py:340} INFO - ::group::Post task execution logs
[2026-07-21T15:47:21.866+0000] {taskinstance.py:352} INFO - Marking task as SUCCESS. dag_id=hk_daily_etl, task_id=branch_ingest, run_id=manual__2026-07-21T15:47:17+00:00, execution_date=20260721T154717, start_date=20260721T154721, end_date=20260721T154721
[2026-07-21T15:47:21.912+0000] {local_task_job_runner.py:266} INFO - Task exited with return code 0
[2026-07-21T15:47:21.923+0000] {taskinstance.py:3895} INFO - 0 downstream tasks scheduled from follow-on schedule check
[2026-07-21T15:47:21.924+0000] {local_task_job_runner.py:245} INFO - ::endgroup::
