[2026-07-21T15:47:23.262+0000] {local_task_job_runner.py:123} INFO - ::group::Pre task execution logs
[2026-07-21T15:47:23.270+0000] {taskinstance.py:2613} INFO - Dependencies all met for dep_context=non-requeueable deps ti=<TaskInstance: hk_daily_etl.ingest.air_quality manual__2026-07-21T15:47:17+00:00 [queued]>
[2026-07-21T15:47:23.273+0000] {taskinstance.py:2613} INFO - Dependencies all met for dep_context=requeueable deps ti=<TaskInstance: hk_daily_etl.ingest.air_quality manual__2026-07-21T15:47:17+00:00 [queued]>
[2026-07-21T15:47:23.273+0000] {taskinstance.py:2866} INFO - Starting attempt 1 of 1
[2026-07-21T15:47:23.280+0000] {taskinstance.py:2889} INFO - Executing <Task(DockerOperator): ingest.air_quality> on 2026-07-21 15:47:17+00:00
[2026-07-21T15:47:23.286+0000] {standard_task_runner.py:72} INFO - Started process 4154 to run task
[2026-07-21T15:47:23.288+0000] {standard_task_runner.py:104} INFO - Running: ['***', 'tasks', 'run', 'hk_daily_etl', 'ingest.air_quality', 'manual__2026-07-21T15:47:17+00:00', '--job-id', '13', '--raw', '--subdir', 'DAGS_FOLDER/hk_daily_etl.py', '--cfg-path', '/tmp/tmpobeh9ua2']
[2026-07-21T15:47:23.289+0000] {standard_task_runner.py:105} INFO - Job 13: Subtask ingest.air_quality
[2026-07-21T15:47:23.316+0000] {task_command.py:467} INFO - Running <TaskInstance: hk_daily_etl.ingest.air_quality manual__2026-07-21T15:47:17+00:00 [running]> on host c8724559063f
[2026-07-21T15:47:23.364+0000] {taskinstance.py:3132} INFO - Exporting env vars: AIRFLOW_CTX_DAG_OWNER='***' AIRFLOW_CTX_DAG_ID='hk_daily_etl' AIRFLOW_CTX_TASK_ID='ingest.air_quality' AIRFLOW_CTX_EXECUTION_DATE='2026-07-21T15:47:17+00:00' AIRFLOW_CTX_TRY_NUMBER='1' AIRFLOW_CTX_DAG_RUN_ID='manual__2026-07-21T15:47:17+00:00'
[2026-07-21T15:47:23.364+0000] {taskinstance.py:731} INFO - ::endgroup::
[2026-07-21T15:47:23.424+0000] {docker.py:367} INFO - Starting docker container from image asia-east2-docker.pkg.dev/kestra-sandbox-486905/hk-pipeline/ingestion:latest
[2026-07-21T15:47:23.453+0000] {docker.py:375} WARNING - Using remote engine or docker-in-docker and mounting temporary volume from host is not supported. Falling back to `mount_tmp_dir=False` mode. You can set `mount_tmp_dir` parameter to False to disable mounting and remove the warning
[2026-07-21T15:47:24.344+0000] {docker.py:438} INFO - Fetching historical air quality (Open-Meteo): 2026-07-01 → 2026-07-07
[2026-07-21T15:47:24.345+0000] {docker.py:438} INFO -   2026-07-01...
[2026-07-21T15:47:26.089+0000] {docker.py:438} INFO - 24 hourly entries
[2026-07-21T15:47:26.090+0000] {docker.py:438} INFO - Traceback (most recent call last):
[2026-07-21T15:47:26.090+0000] {docker.py:438} INFO - File "/app/utils.py", line 19, in get_credentials
[2026-07-21T15:47:26.091+0000] {docker.py:438} INFO -     info = json.loads(key_val)  # try raw JSON first
[2026-07-21T15:47:26.092+0000] {docker.py:438} INFO -   File "/usr/local/lib/python3.13/json/__init__.py", line 352, in loads
[2026-07-21T15:47:26.092+0000] {docker.py:438} INFO -     return _default_decoder.decode(s)
[2026-07-21T15:47:26.092+0000] {docker.py:438} INFO -            ~~~~~~~~~~~~~~~~~~~~~~~^^^
[2026-07-21T15:47:26.093+0000] {docker.py:438} INFO -   File "/usr/local/lib/python3.13/json/decoder.py", line 345, in decode
[2026-07-21T15:47:26.093+0000] {docker.py:438} INFO -     obj, end = self.raw_decode(s, idx=_w(s, 0).end())
[2026-07-21T15:47:26.093+0000] {docker.py:438} INFO -                ~~~~~~~~~~~~~~~^^^^^^^^^^^^^^^^^^^^^^^
[2026-07-21T15:47:26.093+0000] {docker.py:438} INFO -   File "/usr/local/lib/python3.13/json/decoder.py", line 361, in raw_decode
[2026-07-21T15:47:26.094+0000] {docker.py:438} INFO -     obj, end = self.scan_once(s, idx)
[2026-07-21T15:47:26.094+0000] {docker.py:438} INFO -                ~~~~~~~~~~~~~~^^^^^^^^
[2026-07-21T15:47:26.094+0000] {docker.py:438} INFO - json.decoder.JSONDecodeError: Expecting property name enclosed in double quotes: line 1 column 2 (char 1)
[2026-07-21T15:47:26.095+0000] {docker.py:438} INFO - 
[2026-07-21T15:47:26.095+0000] {docker.py:438} INFO - During handling of the above exception, another exception occurred:
[2026-07-21T15:47:26.095+0000] {docker.py:438} INFO - 
[2026-07-21T15:47:26.095+0000] {docker.py:438} INFO - Traceback (most recent call last):
[2026-07-21T15:47:26.096+0000] {docker.py:438} INFO - File "/app/air_quality.py", line 79, in <module>
[2026-07-21T15:47:26.096+0000] {docker.py:438} INFO -     gcs_path = upload_to_gcs(data, GCS_BUCKET, blob_name)
[2026-07-21T15:47:26.096+0000] {docker.py:438} INFO -   File "/app/utils.py", line 31, in upload_to_gcs
[2026-07-21T15:47:26.096+0000] {docker.py:438} INFO -     client = storage.Client(credentials=get_credentials())
[2026-07-21T15:47:26.097+0000] {docker.py:438} INFO -                                         ~~~~~~~~~~~~~~~^^
[2026-07-21T15:47:26.097+0000] {docker.py:438} INFO -   File "/app/utils.py", line 21, in get_credentials
[2026-07-21T15:47:26.097+0000] {docker.py:438} INFO -     key_json = base64.b64decode(key_val + "==").decode("utf-8")
[2026-07-21T15:47:26.097+0000] {docker.py:438} INFO - UnicodeDecodeError: 'utf-8' codec can't decode byte 0xb7 in position 0: invalid start byte
[2026-07-21T15:47:26.265+0000] {taskinstance.py:3311} ERROR - Task failed with exception
Traceback (most recent call last):
  File "/home/airflow/.local/lib/python3.11/site-packages/docker/api/client.py", line 275, in _raise_for_status
    response.raise_for_status()
  File "/home/airflow/.local/lib/python3.11/site-packages/requests/models.py", line 1024, in raise_for_status
    raise HTTPError(http_error_msg, response=self)
requests.exceptions.HTTPError: 400 Client Error: Bad Request for url: http+docker://localhost/v1.54/containers/create

The above exception was the direct cause of the following exception:

Traceback (most recent call last):
  File "/home/airflow/.local/lib/python3.11/site-packages/airflow/providers/docker/operators/docker.py", line 372, in _run_image
    return self._run_image_with_mounts([*self.mounts, tmp_mount], add_tmp_variable=True)
           ^^^^^^^^^^^^^^^^^^^^^^^^^^^^^^^^^^^^^^^^^^^^^^^^^^^^^^^^^^^^^^^^^^^^^^^^^^^^^
  File "/home/airflow/.local/lib/python3.11/site-packages/airflow/providers/docker/operators/docker.py", line 399, in _run_image_with_mounts
    self.container = self.cli.create_container(
                     ^^^^^^^^^^^^^^^^^^^^^^^^^^
  File "/home/airflow/.local/lib/python3.11/site-packages/docker/api/container.py", line 440, in create_container
    return self.create_container_from_config(config, name, platform)
           ^^^^^^^^^^^^^^^^^^^^^^^^^^^^^^^^^^^^^^^^^^^^^^^^^^^^^^^^^
  File "/home/airflow/.local/lib/python3.11/site-packages/docker/api/container.py", line 457, in create_container_from_config
    return self._result(res, True)
           ^^^^^^^^^^^^^^^^^^^^^^^
  File "/home/airflow/.local/lib/python3.11/site-packages/docker/api/client.py", line 281, in _result
    self._raise_for_status(response)
  File "/home/airflow/.local/lib/python3.11/site-packages/docker/api/client.py", line 277, in _raise_for_status
    raise create_api_error_from_http_exception(e) from e
          ^^^^^^^^^^^^^^^^^^^^^^^^^^^^^^^^^^^^^^^
  File "/home/airflow/.local/lib/python3.11/site-packages/docker/errors.py", line 39, in create_api_error_from_http_exception
    raise cls(e, response=response, explanation=explanation) from e
docker.errors.APIError: 400 Client Error for http+docker://localhost/v1.54/containers/create: Bad Request ("invalid mount config for type "bind": bind source path does not exist: /host_mnt/private/tmp/airflowtmpqj5v6lxy")

During handling of the above exception, another exception occurred:

Traceback (most recent call last):
  File "/home/airflow/.local/lib/python3.11/site-packages/airflow/models/taskinstance.py", line 767, in _execute_task
    result = _execute_callable(context=context, **execute_callable_kwargs)
             ^^^^^^^^^^^^^^^^^^^^^^^^^^^^^^^^^^^^^^^^^^^^^^^^^^^^^^^^^^^^^
  File "/home/airflow/.local/lib/python3.11/site-packages/airflow/models/taskinstance.py", line 733, in _execute_callable
    return ExecutionCallableRunner(
           ^^^^^^^^^^^^^^^^^^^^^^^^
  File "/home/airflow/.local/lib/python3.11/site-packages/airflow/utils/operator_helpers.py", line 252, in run
    return self.func(*args, **kwargs)
           ^^^^^^^^^^^^^^^^^^^^^^^^^^
  File "/home/airflow/.local/lib/python3.11/site-packages/airflow/models/baseoperator.py", line 422, in wrapper
    return func(self, *args, **kwargs)
           ^^^^^^^^^^^^^^^^^^^^^^^^^^^
  File "/home/airflow/.local/lib/python3.11/site-packages/airflow/providers/docker/operators/docker.py", line 513, in execute
    return self._run_image()
           ^^^^^^^^^^^^^^^^^
  File "/home/airflow/.local/lib/python3.11/site-packages/airflow/providers/docker/operators/docker.py", line 381, in _run_image
    return self._run_image_with_mounts(self.mounts, add_tmp_variable=False)
           ^^^^^^^^^^^^^^^^^^^^^^^^^^^^^^^^^^^^^^^^^^^^^^^^^^^^^^^^^^^^^^^^
  File "/home/airflow/.local/lib/python3.11/site-packages/airflow/providers/docker/operators/docker.py", line 446, in _run_image_with_mounts
    raise DockerContainerFailedException(f"Docker container failed: {result!r}", logs=log_lines)
airflow.providers.docker.exceptions.DockerContainerFailedException: Docker container failed: {'StatusCode': 1}
[2026-07-21T15:47:26.270+0000] {taskinstance.py:1225} INFO - Marking task as FAILED. dag_id=hk_daily_etl, task_id=ingest.air_quality, run_id=manual__2026-07-21T15:47:17+00:00, execution_date=20260721T154717, start_date=20260721T154723, end_date=20260721T154726
[2026-07-21T15:47:26.277+0000] {taskinstance.py:340} INFO - ::group::Post task execution logs
[2026-07-21T15:47:26.277+0000] {standard_task_runner.py:124} ERROR - Failed to execute job 13 for task ingest.air_quality (Docker container failed: {'StatusCode': 1}; 4154)
Traceback (most recent call last):
  File "/home/airflow/.local/lib/python3.11/site-packages/docker/api/client.py", line 275, in _raise_for_status
    response.raise_for_status()
  File "/home/airflow/.local/lib/python3.11/site-packages/requests/models.py", line 1024, in raise_for_status
    raise HTTPError(http_error_msg, response=self)
requests.exceptions.HTTPError: 400 Client Error: Bad Request for url: http+docker://localhost/v1.54/containers/create

The above exception was the direct cause of the following exception:

Traceback (most recent call last):
  File "/home/airflow/.local/lib/python3.11/site-packages/airflow/providers/docker/operators/docker.py", line 372, in _run_image
    return self._run_image_with_mounts([*self.mounts, tmp_mount], add_tmp_variable=True)
           ^^^^^^^^^^^^^^^^^^^^^^^^^^^^^^^^^^^^^^^^^^^^^^^^^^^^^^^^^^^^^^^^^^^^^^^^^^^^^
  File "/home/airflow/.local/lib/python3.11/site-packages/airflow/providers/docker/operators/docker.py", line 399, in _run_image_with_mounts
    self.container = self.cli.create_container(
                     ^^^^^^^^^^^^^^^^^^^^^^^^^^
  File "/home/airflow/.local/lib/python3.11/site-packages/docker/api/container.py", line 440, in create_container
    return self.create_container_from_config(config, name, platform)
           ^^^^^^^^^^^^^^^^^^^^^^^^^^^^^^^^^^^^^^^^^^^^^^^^^^^^^^^^^
  File "/home/airflow/.local/lib/python3.11/site-packages/docker/api/container.py", line 457, in create_container_from_config
    return self._result(res, True)
           ^^^^^^^^^^^^^^^^^^^^^^^
  File "/home/airflow/.local/lib/python3.11/site-packages/docker/api/client.py", line 281, in _result
    self._raise_for_status(response)
  File "/home/airflow/.local/lib/python3.11/site-packages/docker/api/client.py", line 277, in _raise_for_status
    raise create_api_error_from_http_exception(e) from e
          ^^^^^^^^^^^^^^^^^^^^^^^^^^^^^^^^^^^^^^^
  File "/home/airflow/.local/lib/python3.11/site-packages/docker/errors.py", line 39, in create_api_error_from_http_exception
    raise cls(e, response=response, explanation=explanation) from e
docker.errors.APIError: 400 Client Error for http+docker://localhost/v1.54/containers/create: Bad Request ("invalid mount config for type "bind": bind source path does not exist: /host_mnt/private/tmp/airflowtmpqj5v6lxy")

During handling of the above exception, another exception occurred:

Traceback (most recent call last):
  File "/home/airflow/.local/lib/python3.11/site-packages/airflow/task/task_runner/standard_task_runner.py", line 117, in _start_by_fork
    ret = args.func(args, dag=self.dag)
          ^^^^^^^^^^^^^^^^^^^^^^^^^^^^^
  File "/home/airflow/.local/lib/python3.11/site-packages/airflow/cli/cli_config.py", line 49, in command
    return func(*args, **kwargs)
           ^^^^^^^^^^^^^^^^^^^^^
  File "/home/airflow/.local/lib/python3.11/site-packages/airflow/utils/cli.py", line 116, in wrapper
    return f(*args, **kwargs)
           ^^^^^^^^^^^^^^^^^^
  File "/home/airflow/.local/lib/python3.11/site-packages/airflow/cli/commands/task_command.py", line 483, in task_run
    task_return_code = _run_task_by_selected_method(args, _dag, ti)
                       ^^^^^^^^^^^^^^^^^^^^^^^^^^^^^^^^^^^^^^^^^^^^
  File "/home/airflow/.local/lib/python3.11/site-packages/airflow/cli/commands/task_command.py", line 256, in _run_task_by_selected_method
    return _run_raw_task(args, ti)
           ^^^^^^^^^^^^^^^^^^^^^^^
  File "/home/airflow/.local/lib/python3.11/site-packages/airflow/cli/commands/task_command.py", line 341, in _run_raw_task
    return ti._run_raw_task(
           ^^^^^^^^^^^^^^^^^
  File "/home/airflow/.local/lib/python3.11/site-packages/airflow/utils/session.py", line 97, in wrapper
    return func(*args, session=session, **kwargs)
           ^^^^^^^^^^^^^^^^^^^^^^^^^^^^^^^^^^^^^^
  File "/home/airflow/.local/lib/python3.11/site-packages/airflow/models/taskinstance.py", line 3005, in _run_raw_task
    return _run_raw_task(
           ^^^^^^^^^^^^^^
  File "/home/airflow/.local/lib/python3.11/site-packages/airflow/models/taskinstance.py", line 273, in _run_raw_task
    TaskInstance._execute_task_with_callbacks(
  File "/home/airflow/.local/lib/python3.11/site-packages/airflow/models/taskinstance.py", line 3159, in _execute_task_with_callbacks
    result = self._execute_task(context, task_orig)
             ^^^^^^^^^^^^^^^^^^^^^^^^^^^^^^^^^^^^^^
  File "/home/airflow/.local/lib/python3.11/site-packages/airflow/models/taskinstance.py", line 3183, in _execute_task
    return _execute_task(self, context, task_orig)
           ^^^^^^^^^^^^^^^^^^^^^^^^^^^^^^^^^^^^^^^
  File "/home/airflow/.local/lib/python3.11/site-packages/airflow/models/taskinstance.py", line 767, in _execute_task
    result = _execute_callable(context=context, **execute_callable_kwargs)
             ^^^^^^^^^^^^^^^^^^^^^^^^^^^^^^^^^^^^^^^^^^^^^^^^^^^^^^^^^^^^^
  File "/home/airflow/.local/lib/python3.11/site-packages/airflow/models/taskinstance.py", line 733, in _execute_callable
    return ExecutionCallableRunner(
           ^^^^^^^^^^^^^^^^^^^^^^^^
  File "/home/airflow/.local/lib/python3.11/site-packages/airflow/utils/operator_helpers.py", line 252, in run
    return self.func(*args, **kwargs)
           ^^^^^^^^^^^^^^^^^^^^^^^^^^
  File "/home/airflow/.local/lib/python3.11/site-packages/airflow/models/baseoperator.py", line 422, in wrapper
    return func(self, *args, **kwargs)
           ^^^^^^^^^^^^^^^^^^^^^^^^^^^
  File "/home/airflow/.local/lib/python3.11/site-packages/airflow/providers/docker/operators/docker.py", line 513, in execute
    return self._run_image()
           ^^^^^^^^^^^^^^^^^
  File "/home/airflow/.local/lib/python3.11/site-packages/airflow/providers/docker/operators/docker.py", line 381, in _run_image
    return self._run_image_with_mounts(self.mounts, add_tmp_variable=False)
           ^^^^^^^^^^^^^^^^^^^^^^^^^^^^^^^^^^^^^^^^^^^^^^^^^^^^^^^^^^^^^^^^
  File "/home/airflow/.local/lib/python3.11/site-packages/airflow/providers/docker/operators/docker.py", line 446, in _run_image_with_mounts
    raise DockerContainerFailedException(f"Docker container failed: {result!r}", logs=log_lines)
airflow.providers.docker.exceptions.DockerContainerFailedException: Docker container failed: {'StatusCode': 1}
[2026-07-21T15:47:26.288+0000] {local_task_job_runner.py:266} INFO - Task exited with return code 1
[2026-07-21T15:47:26.305+0000] {taskinstance.py:3895} INFO - 0 downstream tasks scheduled from follow-on schedule check
[2026-07-21T15:47:26.308+0000] {local_task_job_runner.py:245} INFO - ::endgroup::
