[2026-07-22T00:00:35.092+0000] {local_task_job_runner.py:123} INFO - ::group::Pre task execution logs
[2026-07-22T00:00:35.100+0000] {taskinstance.py:2613} INFO - Dependencies all met for dep_context=non-requeueable deps ti=<TaskInstance: hk_daily_etl.load.weather scheduled__2026-07-21T00:00:00+00:00 [queued]>
[2026-07-22T00:00:35.103+0000] {taskinstance.py:2613} INFO - Dependencies all met for dep_context=requeueable deps ti=<TaskInstance: hk_daily_etl.load.weather scheduled__2026-07-21T00:00:00+00:00 [queued]>
[2026-07-22T00:00:35.104+0000] {taskinstance.py:2866} INFO - Starting attempt 1 of 1
[2026-07-22T00:00:35.109+0000] {taskinstance.py:2889} INFO - Executing <Task(DockerOperator): load.weather> on 2026-07-21 00:00:00+00:00
[2026-07-22T00:00:35.112+0000] {standard_task_runner.py:72} INFO - Started process 11577 to run task
[2026-07-22T00:00:35.114+0000] {standard_task_runner.py:104} INFO - Running: ['***', 'tasks', 'run', 'hk_daily_etl', 'load.weather', 'scheduled__2026-07-21T00:00:00+00:00', '--job-id', '36', '--raw', '--subdir', 'DAGS_FOLDER/hk_daily_etl.py', '--cfg-path', '/tmp/tmpjjce7ojb']
[2026-07-22T00:00:35.115+0000] {standard_task_runner.py:105} INFO - Job 36: Subtask load.weather
[2026-07-22T00:00:35.137+0000] {task_command.py:467} INFO - Running <TaskInstance: hk_daily_etl.load.weather scheduled__2026-07-21T00:00:00+00:00 [running]> on host c8724559063f
[2026-07-22T00:00:35.171+0000] {taskinstance.py:3132} INFO - Exporting env vars: AIRFLOW_CTX_DAG_OWNER='***' AIRFLOW_CTX_DAG_ID='hk_daily_etl' AIRFLOW_CTX_TASK_ID='load.weather' AIRFLOW_CTX_EXECUTION_DATE='2026-07-21T00:00:00+00:00' AIRFLOW_CTX_TRY_NUMBER='1' AIRFLOW_CTX_DAG_RUN_ID='scheduled__2026-07-21T00:00:00+00:00'
[2026-07-22T00:00:35.172+0000] {taskinstance.py:731} INFO - ::endgroup::
[2026-07-22T00:00:35.200+0000] {docker.py:367} INFO - Starting docker container from image asia-east2-docker.pkg.dev/kestra-sandbox-486905/hk-pipeline/ingestion:latest
[2026-07-22T00:00:37.247+0000] {docker.py:438} INFO - Loading weather: 2026-07-21 → 2026-07-21
[2026-07-22T00:00:37.251+0000] {docker.py:438} INFO -   Reading 2026-07-21...
[2026-07-22T00:00:38.201+0000] {docker.py:438} INFO - 24 rows
[2026-07-22T00:00:38.202+0000] {docker.py:438} INFO -   Loading 24 rows to kestra-sandbox-486905.hk_data_pipeline.weather...
[2026-07-22T00:00:50.539+0000] {docker.py:438} INFO - done
[2026-07-22T00:00:50.758+0000] {taskinstance.py:340} INFO - ::group::Post task execution logs
[2026-07-22T00:00:50.759+0000] {taskinstance.py:352} INFO - Marking task as SUCCESS. dag_id=hk_daily_etl, task_id=load.weather, run_id=scheduled__2026-07-21T00:00:00+00:00, execution_date=20260721T000000, start_date=20260722T000035, end_date=20260722T000050
[2026-07-22T00:00:50.778+0000] {local_task_job_runner.py:266} INFO - Task exited with return code 0
[2026-07-22T00:00:50.790+0000] {taskinstance.py:3895} INFO - 0 downstream tasks scheduled from follow-on schedule check
[2026-07-22T00:00:50.790+0000] {local_task_job_runner.py:245} INFO - ::endgroup::
