[2026-07-22T00:00:26.693+0000] {local_task_job_runner.py:123} INFO - ::group::Pre task execution logs
[2026-07-22T00:00:26.701+0000] {taskinstance.py:2613} INFO - Dependencies all met for dep_context=non-requeueable deps ti=<TaskInstance: hk_daily_etl.ingest.weather scheduled__2026-07-21T00:00:00+00:00 [queued]>
[2026-07-22T00:00:26.705+0000] {taskinstance.py:2613} INFO - Dependencies all met for dep_context=requeueable deps ti=<TaskInstance: hk_daily_etl.ingest.weather scheduled__2026-07-21T00:00:00+00:00 [queued]>
[2026-07-22T00:00:26.706+0000] {taskinstance.py:2866} INFO - Starting attempt 1 of 1
[2026-07-22T00:00:26.713+0000] {taskinstance.py:2889} INFO - Executing <Task(DockerOperator): ingest.weather> on 2026-07-21 00:00:00+00:00
[2026-07-22T00:00:26.715+0000] {standard_task_runner.py:72} INFO - Started process 11570 to run task
[2026-07-22T00:00:26.718+0000] {standard_task_runner.py:104} INFO - Running: ['***', 'tasks', 'run', 'hk_daily_etl', 'ingest.weather', 'scheduled__2026-07-21T00:00:00+00:00', '--job-id', '34', '--raw', '--subdir', 'DAGS_FOLDER/hk_daily_etl.py', '--cfg-path', '/tmp/tmpr0c4fs8q']
[2026-07-22T00:00:26.721+0000] {standard_task_runner.py:105} INFO - Job 34: Subtask ingest.weather
[2026-07-22T00:00:26.770+0000] {task_command.py:467} INFO - Running <TaskInstance: hk_daily_etl.ingest.weather scheduled__2026-07-21T00:00:00+00:00 [running]> on host c8724559063f
[2026-07-22T00:00:26.817+0000] {taskinstance.py:3132} INFO - Exporting env vars: AIRFLOW_CTX_DAG_OWNER='***' AIRFLOW_CTX_DAG_ID='hk_daily_etl' AIRFLOW_CTX_TASK_ID='ingest.weather' AIRFLOW_CTX_EXECUTION_DATE='2026-07-21T00:00:00+00:00' AIRFLOW_CTX_TRY_NUMBER='1' AIRFLOW_CTX_DAG_RUN_ID='scheduled__2026-07-21T00:00:00+00:00'
[2026-07-22T00:00:26.817+0000] {taskinstance.py:731} INFO - ::endgroup::
[2026-07-22T00:00:26.844+0000] {docker.py:367} INFO - Starting docker container from image asia-east2-docker.pkg.dev/kestra-sandbox-486905/hk-pipeline/ingestion:latest
[2026-07-22T00:00:27.451+0000] {docker.py:438} INFO - Fetching weather: 2026-07-21 → 2026-07-21
[2026-07-22T00:00:27.452+0000] {docker.py:438} INFO -   2026-07-21...
[2026-07-22T00:00:30.823+0000] {docker.py:438} INFO - 24 hourly entries → uploaded to gs://hk-data-pipeline/weather/2026-07-21.json
[2026-07-22T00:00:30.961+0000] {taskinstance.py:340} INFO - ::group::Post task execution logs
[2026-07-22T00:00:30.961+0000] {taskinstance.py:352} INFO - Marking task as SUCCESS. dag_id=hk_daily_etl, task_id=ingest.weather, run_id=scheduled__2026-07-21T00:00:00+00:00, execution_date=20260721T000000, start_date=20260722T000026, end_date=20260722T000030
[2026-07-22T00:00:30.983+0000] {local_task_job_runner.py:266} INFO - Task exited with return code 0
[2026-07-22T00:00:30.992+0000] {taskinstance.py:3895} INFO - 0 downstream tasks scheduled from follow-on schedule check
[2026-07-22T00:00:30.993+0000] {local_task_job_runner.py:245} INFO - ::endgroup::
