[2026-07-21T16:03:04.322+0000] {local_task_job_runner.py:123} INFO - ::group::Pre task execution logs
[2026-07-21T16:03:04.333+0000] {taskinstance.py:2613} INFO - Dependencies all met for dep_context=non-requeueable deps ti=<TaskInstance: hk_daily_etl.ingest.weather manual__2026-07-21T16:02:50+00:00 [queued]>
[2026-07-21T16:03:04.337+0000] {taskinstance.py:2613} INFO - Dependencies all met for dep_context=requeueable deps ti=<TaskInstance: hk_daily_etl.ingest.weather manual__2026-07-21T16:02:50+00:00 [queued]>
[2026-07-21T16:03:04.337+0000] {taskinstance.py:2866} INFO - Starting attempt 1 of 1
[2026-07-21T16:03:04.344+0000] {taskinstance.py:2889} INFO - Executing <Task(DockerOperator): ingest.weather> on 2026-07-21 16:02:50+00:00
[2026-07-21T16:03:04.347+0000] {standard_task_runner.py:72} INFO - Started process 4558 to run task
[2026-07-21T16:03:04.348+0000] {standard_task_runner.py:104} INFO - Running: ['***', 'tasks', 'run', 'hk_daily_etl', 'ingest.weather', 'manual__2026-07-21T16:02:50+00:00', '--job-id', '31', '--raw', '--subdir', 'DAGS_FOLDER/hk_daily_etl.py', '--cfg-path', '/tmp/tmp3t_xxy2f']
[2026-07-21T16:03:04.350+0000] {standard_task_runner.py:105} INFO - Job 31: Subtask ingest.weather
[2026-07-21T16:03:04.421+0000] {task_command.py:467} INFO - Running <TaskInstance: hk_daily_etl.ingest.weather manual__2026-07-21T16:02:50+00:00 [running]> on host c8724559063f
[2026-07-21T16:03:04.476+0000] {taskinstance.py:3132} INFO - Exporting env vars: AIRFLOW_CTX_DAG_OWNER='***' AIRFLOW_CTX_DAG_ID='hk_daily_etl' AIRFLOW_CTX_TASK_ID='ingest.weather' AIRFLOW_CTX_EXECUTION_DATE='2026-07-21T16:02:50+00:00' AIRFLOW_CTX_TRY_NUMBER='1' AIRFLOW_CTX_DAG_RUN_ID='manual__2026-07-21T16:02:50+00:00'
[2026-07-21T16:03:04.477+0000] {taskinstance.py:731} INFO - ::endgroup::
[2026-07-21T16:03:04.557+0000] {docker.py:367} INFO - Starting docker container from image asia-east2-docker.pkg.dev/kestra-sandbox-486905/hk-pipeline/ingestion:latest
[2026-07-21T16:03:04.983+0000] {docker.py:438} INFO - Fetching weather: 2026-06-01 → 2026-06-07
[2026-07-21T16:03:04.983+0000] {docker.py:438} INFO -   2026-06-01...
[2026-07-21T16:03:12.098+0000] {docker.py:438} INFO - 24 hourly entries → uploaded to gs://hk-data-pipeline/weather/2026-06-01.json
[2026-07-21T16:03:12.106+0000] {docker.py:438} INFO -   2026-06-02...
[2026-07-21T16:03:14.360+0000] {docker.py:438} INFO - 24 hourly entries → uploaded to gs://hk-data-pipeline/weather/2026-06-02.json
[2026-07-21T16:03:14.363+0000] {docker.py:438} INFO -   2026-06-03...
[2026-07-21T16:03:23.297+0000] {docker.py:438} INFO - 24 hourly entries → uploaded to gs://hk-data-pipeline/weather/2026-06-03.json
[2026-07-21T16:03:23.302+0000] {docker.py:438} INFO -   2026-06-04...
[2026-07-21T16:03:25.745+0000] {docker.py:438} INFO - 24 hourly entries → uploaded to gs://hk-data-pipeline/weather/2026-06-04.json
[2026-07-21T16:03:25.749+0000] {docker.py:438} INFO -   2026-06-05...
[2026-07-21T16:03:31.430+0000] {docker.py:438} INFO - 24 hourly entries → uploaded to gs://hk-data-pipeline/weather/2026-06-05.json
[2026-07-21T16:03:31.435+0000] {docker.py:438} INFO -   2026-06-06...
[2026-07-21T16:03:34.268+0000] {docker.py:438} INFO - 24 hourly entries → uploaded to gs://hk-data-pipeline/weather/2026-06-06.json
[2026-07-21T16:03:34.269+0000] {docker.py:438} INFO -   2026-06-07...
[2026-07-21T16:03:41.551+0000] {docker.py:438} INFO - 24 hourly entries → uploaded to gs://hk-data-pipeline/weather/2026-06-07.json
[2026-07-21T16:03:41.764+0000] {taskinstance.py:340} INFO - ::group::Post task execution logs
[2026-07-21T16:03:41.765+0000] {taskinstance.py:352} INFO - Marking task as SUCCESS. dag_id=hk_daily_etl, task_id=ingest.weather, run_id=manual__2026-07-21T16:02:50+00:00, execution_date=20260721T160250, start_date=20260721T160304, end_date=20260721T160341
[2026-07-21T16:03:41.793+0000] {local_task_job_runner.py:266} INFO - Task exited with return code 0
[2026-07-21T16:03:41.803+0000] {taskinstance.py:3895} INFO - 0 downstream tasks scheduled from follow-on schedule check
[2026-07-21T16:03:41.804+0000] {local_task_job_runner.py:245} INFO - ::endgroup::
