[2026-07-21T13:47:51.722+0000] {local_task_job_runner.py:123} INFO - ::group::Pre task execution logs
[2026-07-21T13:47:51.730+0000] {taskinstance.py:2613} INFO - Dependencies all met for dep_context=non-requeueable deps ti=<TaskInstance: hk_daily_etl.branch_ingest scheduled__2026-07-20T00:00:00+00:00 [queued]>
[2026-07-21T13:47:51.733+0000] {taskinstance.py:2613} INFO - Dependencies all met for dep_context=requeueable deps ti=<TaskInstance: hk_daily_etl.branch_ingest scheduled__2026-07-20T00:00:00+00:00 [queued]>
[2026-07-21T13:47:51.733+0000] {taskinstance.py:2866} INFO - Starting attempt 1 of 1
[2026-07-21T13:47:51.737+0000] {taskinstance.py:2889} INFO - Executing <Task(BranchPythonOperator): branch_ingest> on 2026-07-20 00:00:00+00:00
[2026-07-21T13:47:51.742+0000] {standard_task_runner.py:72} INFO - Started process 1735 to run task
[2026-07-21T13:47:51.744+0000] {standard_task_runner.py:104} INFO - Running: ['***', 'tasks', 'run', 'hk_daily_etl', 'branch_ingest', 'scheduled__2026-07-20T00:00:00+00:00', '--job-id', '2', '--raw', '--subdir', 'DAGS_FOLDER/hk_daily_etl.py', '--cfg-path', '/tmp/tmpdkdln9rc']
[2026-07-21T13:47:51.746+0000] {standard_task_runner.py:105} INFO - Job 2: Subtask branch_ingest
[2026-07-21T13:47:51.769+0000] {task_command.py:467} INFO - Running <TaskInstance: hk_daily_etl.branch_ingest scheduled__2026-07-20T00:00:00+00:00 [running]> on host c8724559063f
[2026-07-21T13:47:51.809+0000] {taskinstance.py:3132} INFO - Exporting env vars: AIRFLOW_CTX_DAG_OWNER='***' AIRFLOW_CTX_DAG_ID='hk_daily_etl' AIRFLOW_CTX_TASK_ID='branch_ingest' AIRFLOW_CTX_EXECUTION_DATE='2026-07-20T00:00:00+00:00' AIRFLOW_CTX_TRY_NUMBER='1' AIRFLOW_CTX_DAG_RUN_ID='scheduled__2026-07-20T00:00:00+00:00'
[2026-07-21T13:47:51.809+0000] {taskinstance.py:731} INFO - ::endgroup::
[2026-07-21T13:47:51.835+0000] {baseoperator.py:421} WARNING - BranchPythonOperator.execute cannot be called outside TaskInstance!
[2026-07-21T13:47:51.835+0000] {python.py:240} INFO - Done. Returned value was: run_ingest
[2026-07-21T13:47:51.835+0000] {branch.py:38} INFO - Branch into run_ingest
[2026-07-21T13:47:51.835+0000] {skipmixin.py:230} INFO - Following branch ('run_ingest',)
[2026-07-21T13:47:51.841+0000] {skipmixin.py:278} INFO - Skipping tasks [('skip_ingest', -1)]
[2026-07-21T13:47:51.851+0000] {taskinstance.py:340} INFO - ::group::Post task execution logs
[2026-07-21T13:47:51.851+0000] {taskinstance.py:352} INFO - Marking task as SUCCESS. dag_id=hk_daily_etl, task_id=branch_ingest, run_id=scheduled__2026-07-20T00:00:00+00:00, execution_date=20260720T000000, start_date=20260721T134751, end_date=20260721T134751
[2026-07-21T13:47:51.885+0000] {local_task_job_runner.py:266} INFO - Task exited with return code 0
[2026-07-21T13:47:51.895+0000] {taskinstance.py:3895} INFO - 0 downstream tasks scheduled from follow-on schedule check
[2026-07-21T13:47:51.896+0000] {local_task_job_runner.py:245} INFO - ::endgroup::
